0 info it worked if it ends with ok
1 verbose cli [ '/Users/dennis/.nvm/versions/node/v7.0.0/bin/node',
1 verbose cli   '/Users/dennis/.nvm/versions/node/v7.0.0/bin/npm',
1 verbose cli   'start' ]
2 info using npm@3.10.8
3 info using node@v7.0.0
4 verbose run-script [ 'prestart', 'start', 'poststart' ]
5 info lifecycle votey-mcvoteface@0.0.2~prestart: votey-mcvoteface@0.0.2
6 silly lifecycle votey-mcvoteface@0.0.2~prestart: no script for prestart, continuing
7 info lifecycle votey-mcvoteface@0.0.2~start: votey-mcvoteface@0.0.2
8 verbose lifecycle votey-mcvoteface@0.0.2~start: unsafe-perm in lifecycle true
9 verbose lifecycle votey-mcvoteface@0.0.2~start: PATH: /Users/dennis/.nvm/versions/node/v7.0.0/lib/node_modules/npm/bin/node-gyp-bin:/Users/dennis/code/votey-mcvoteface/node_modules/.bin:/Users/dennis/anaconda3/bin:/Users/dennis/anaconda3/condabin:/Users/dennis/anaconda2/bin:/Users/dennis/.rbenv/shims:/Users/dennis/anaconda3/bin:/anaconda3/bin:/Library/Frameworks/Python.framework/Versions/2.7/bin:/Users/dennis/.nvm/versions/node/v7.0.0/bin:/usr/local/bin:/usr/bin:/bin:/usr/sbin:/sbin:/usr/local/sbin
10 verbose lifecycle votey-mcvoteface@0.0.2~start: CWD: /Users/dennis/code/votey-mcvoteface
11 silly lifecycle votey-mcvoteface@0.0.2~start: Args: [ '-c', 'node bot.js' ]
12 silly lifecycle votey-mcvoteface@0.0.2~start: Returned: code: 1  signal: null
13 info lifecycle votey-mcvoteface@0.0.2~start: Failed to exec start script
14 verbose stack Error: votey-mcvoteface@0.0.2 start: `node bot.js`
14 verbose stack Exit status 1
14 verbose stack     at EventEmitter.<anonymous> (/Users/dennis/.nvm/versions/node/v7.0.0/lib/node_modules/npm/lib/utils/lifecycle.js:255:16)
14 verbose stack     at emitTwo (events.js:106:13)
14 verbose stack     at EventEmitter.emit (events.js:191:7)
14 verbose stack     at ChildProcess.<anonymous> (/Users/dennis/.nvm/versions/node/v7.0.0/lib/node_modules/npm/lib/utils/spawn.js:40:14)
14 verbose stack     at emitTwo (events.js:106:13)
14 verbose stack     at ChildProcess.emit (events.js:191:7)
14 verbose stack     at maybeClose (internal/child_process.js:877:16)
14 verbose stack     at Process.ChildProcess._handle.onexit (internal/child_process.js:226:5)
15 verbose pkgid votey-mcvoteface@0.0.2
16 verbose cwd /Users/dennis/code/votey-mcvoteface
17 error Darwin 18.7.0
18 error argv "/Users/dennis/.nvm/versions/node/v7.0.0/bin/node" "/Users/dennis/.nvm/versions/node/v7.0.0/bin/npm" "start"
19 error node v7.0.0
20 error npm  v3.10.8
21 error code ELIFECYCLE
22 error votey-mcvoteface@0.0.2 start: `node bot.js`
22 error Exit status 1
23 error Failed at the votey-mcvoteface@0.0.2 start script 'node bot.js'.
23 error Make sure you have the latest version of node.js and npm installed.
23 error If you do, this is most likely a problem with the votey-mcvoteface package,
23 error not with npm itself.
23 error Tell the author that this fails on your system:
23 error     node bot.js
23 error You can get information on how to open an issue for this project with:
23 error     npm bugs votey-mcvoteface
23 error Or if that isn't available, you can get their info via:
23 error     npm owner ls votey-mcvoteface
23 error There is likely additional logging output above.
24 verbose exit [ 1, true ]
